#
# There is insufficient memory for the Java Runtime Environment to continue.
# Native memory allocation (malloc) failed to allocate 60016 bytes for Chunk::new
# Possible reasons:
#   The system is out of physical RAM or swap space
#   The process is running with CompressedOops enabled, and the Java Heap may be blocking the growth of the native heap
# Possible solutions:
#   Reduce memory load on the system
#   Increase physical memory or swap space
#   Check if swap backing store is full
#   Decrease Java heap size (-Xmx/-Xms)
#   Decrease number of Java threads
#   Decrease Java thread stack sizes (-Xss)
#   Set larger code cache with -XX:ReservedCodeCacheSize=
#   JVM is running with Unscaled Compressed Oops mode in which the Java heap is
#     placed in the first 4GB address space. The Java Heap base address is the
#     maximum limit for the native heap growth. Please use -XX:HeapBaseMinAddress
#     to set the Java Heap base and to place the Java Heap above 4GB virtual address.
# This output file may be truncated or incomplete.
#
#  Out of Memory Error (allocation.cpp:389), pid=14592, tid=0x00000000000029b4
#
# JRE version: Java(TM) SE Runtime Environment (8.0_231-b11) (build 1.8.0_231-b11)
# Java VM: Java HotSpot(TM) 64-Bit Server VM (25.231-b11 mixed mode windows-amd64 compressed oops)
# Failed to write core dump. Minidumps are not enabled by default on client versions of Windows
#

---------------  T H R E A D  ---------------

Current thread (0x0000000016c3c000):  JavaThread "C2 CompilerThread0" daemon [_thread_in_native, id=10676, stack(0x0000000017120000,0x0000000017220000)]

Stack: [0x0000000017120000,0x0000000017220000]
[error occurred during error reporting (printing stack bounds), id 0xc0000005]

Native frames: (J=compiled Java code, j=interpreted, Vv=VM code, C=native code)


Current CompileTask:
C2:   5005 1650       4       sun.nio.ch.SelectorImpl::selectNow (6 bytes)


---------------  P R O C E S S  ---------------

Java Threads: ( => current thread )
  0x0000000016d23000 JavaThread "Service Thread" daemon [_thread_blocked, id=17544, stack(0x0000000017420000,0x0000000017520000)]
  0x0000000016c90000 JavaThread "C1 CompilerThread2" daemon [_thread_blocked, id=17836, stack(0x0000000017320000,0x0000000017420000)]
  0x0000000016c86800 JavaThread "C2 CompilerThread1" daemon [_thread_blocked, id=14528, stack(0x0000000017220000,0x0000000017320000)]
=>0x0000000016c3c000 JavaThread "C2 CompilerThread0" daemon [_thread_in_native, id=10676, stack(0x0000000017120000,0x0000000017220000)]
  0x0000000016c83800 JavaThread "Monitor Ctrl-Break" daemon [_thread_in_native, id=12888, stack(0x0000000017020000,0x0000000017120000)]
  0x00000000155c8800 JavaThread "Attach Listener" daemon [_thread_blocked, id=4844, stack(0x0000000016b20000,0x0000000016c20000)]
  0x0000000003039800 JavaThread "Signal Dispatcher" daemon [_thread_blocked, id=12332, stack(0x0000000016a20000,0x0000000016b20000)]
  0x0000000003037000 JavaThread "Finalizer" daemon [_thread_blocked, id=17548, stack(0x0000000016810000,0x0000000016910000)]
  0x0000000003034000 JavaThread "Reference Handler" daemon [_thread_blocked, id=4784, stack(0x0000000016710000,0x0000000016810000)]
  0x0000000002f43800 JavaThread "main" [_thread_in_Java, id=5556, stack(0x0000000002b10000,0x0000000002c10000)]

Other Threads:
  0x0000000015587000 VMThread [stack: 0x0000000016610000,0x0000000016710000] [id=16332]
  0x0000000016d27000 WatcherThread [stack: 0x0000000017520000,0x0000000017620000] [id=7680]

VM state:not at safepoint (normal execution)

VM Mutex/Monitor currently owned by a thread: None

heap address: 0x00000000c2200000, size: 990 MB, Compressed Oops mode: 32-bit
Narrow klass base: 0x0000000000000000, Narrow klass shift: 3
Compressed class space size: 1073741824 Address: 0x0000000100000000

Heap:
 PSYoungGen      total 18432K, used 14666K [0x00000000eb600000, 0x00000000eda00000, 0x0000000100000000)
  eden space 15872K, 76% used [0x00000000eb600000,0x00000000ec1d8540,0x00000000ec580000)
  from space 2560K, 99% used [0x00000000ec580000,0x00000000ec7fa560,0x00000000ec800000)
  to   space 2560K, 0% used [0x00000000ed780000,0x00000000ed780000,0x00000000eda00000)
 ParOldGen       total 42496K, used 3526K [0x00000000c2200000, 0x00000000c4b80000, 0x00000000eb600000)
  object space 42496K, 8% used [0x00000000c2200000,0x00000000c2571b18,0x00000000c4b80000)
 Metaspace       used 18070K, capacity 18554K, committed 18944K, reserved 1064960K
  class space    used 2214K, capacity 2443K, committed 2560K, reserved 1048576K

Card table byte_map: [0x0000000012400000,0x00000000125f0000] byte_map_base: 0x0000000011def000

Marking Bits: (ParMarkBitMap*) 0x0000000050846d90
 Begin Bits: [0x0000000012b40000, 0x0000000013ab8000)
 End Bits:   [0x0000000013ab8000, 0x0000000014a30000)

Polling page: 0x0000000001350000

CodeCache: size=245760Kb used=5268Kb max_used=5281Kb free=240491Kb
 bounds [0x0000000003040000, 0x0000000003570000, 0x0000000012040000]
 total_blobs=2114 nmethods=1649 adapters=377
 compilation: enabled

Compilation events (10 events):
Event: 4.955 Thread 0x0000000016c86800 nmethod 1645 0x0000000003561610 code [0x0000000003561760, 0x0000000003561a18]
Event: 4.955 Thread 0x0000000016c3c000 1646   !   4       sun.nio.cs.StreamDecoder::inReady (36 bytes)
Event: 4.955 Thread 0x0000000016c86800 1647   !   4       java.io.BufferedReader::ready (117 bytes)
Event: 4.959 Thread 0x0000000016c3c000 nmethod 1646 0x0000000003567410 code [0x0000000003567580, 0x0000000003567a08]
Event: 4.961 Thread 0x0000000016c3c000 1648       4       java.io.InputStreamReader::ready (8 bytes)
Event: 4.965 Thread 0x0000000016c86800 nmethod 1647 0x0000000003568250 code [0x00000000035683e0, 0x0000000003568f88]
Event: 4.965 Thread 0x0000000016c86800 1649   !   4       sun.nio.cs.StreamDecoder::ready (38 bytes)
Event: 4.969 Thread 0x0000000016c3c000 nmethod 1648 0x0000000003569f10 code [0x000000000356a080, 0x000000000356a868]
Event: 4.969 Thread 0x0000000016c3c000 1650       4       sun.nio.ch.SelectorImpl::selectNow (6 bytes)
Event: 4.972 Thread 0x0000000016c86800 nmethod 1649 0x000000000356ae10 code [0x000000000356af80, 0x000000000356b788]

GC Heap History (6 events):
Event: 2.323 GC heap before
{Heap before GC invocations=1 (full 0):
 PSYoungGen      total 18432K, used 15872K [0x00000000eb600000, 0x00000000eca80000, 0x0000000100000000)
  eden space 15872K, 100% used [0x00000000eb600000,0x00000000ec580000,0x00000000ec580000)
  from space 2560K, 0% used [0x00000000ec800000,0x00000000ec800000,0x00000000eca80000)
  to   space 2560K, 0% used [0x00000000ec580000,0x00000000ec580000,0x00000000ec800000)
 ParOldGen       total 42496K, used 0K [0x00000000c2200000, 0x00000000c4b80000, 0x00000000eb600000)
  object space 42496K, 0% used [0x00000000c2200000,0x00000000c2200000,0x00000000c4b80000)
 Metaspace       used 6775K, capacity 6864K, committed 7040K, reserved 1056768K
  class space    used 779K, capacity 816K, committed 896K, reserved 1048576K
Event: 2.328 GC heap after
Heap after GC invocations=1 (full 0):
 PSYoungGen      total 18432K, used 2552K [0x00000000eb600000, 0x00000000eca80000, 0x0000000100000000)
  eden space 15872K, 0% used [0x00000000eb600000,0x00000000eb600000,0x00000000ec580000)
  from space 2560K, 99% used [0x00000000ec580000,0x00000000ec7fe3c8,0x00000000ec800000)
  to   space 2560K, 0% used [0x00000000ec800000,0x00000000ec800000,0x00000000eca80000)
 ParOldGen       total 42496K, used 203K [0x00000000c2200000, 0x00000000c4b80000, 0x00000000eb600000)
  object space 42496K, 0% used [0x00000000c2200000,0x00000000c2232cc8,0x00000000c4b80000)
 Metaspace       used 6775K, capacity 6864K, committed 7040K, reserved 1056768K
  class space    used 779K, capacity 816K, committed 896K, reserved 1048576K
}
Event: 2.948 GC heap before
{Heap before GC invocations=2 (full 0):
 PSYoungGen      total 18432K, used 18424K [0x00000000eb600000, 0x00000000eca80000, 0x0000000100000000)
  eden space 15872K, 100% used [0x00000000eb600000,0x00000000ec580000,0x00000000ec580000)
  from space 2560K, 99% used [0x00000000ec580000,0x00000000ec7fe3c8,0x00000000ec800000)
  to   space 2560K, 0% used [0x00000000ec800000,0x00000000ec800000,0x00000000eca80000)
 ParOldGen       total 42496K, used 203K [0x00000000c2200000, 0x00000000c4b80000, 0x00000000eb600000)
  object space 42496K, 0% used [0x00000000c2200000,0x00000000c2232cc8,0x00000000c4b80000)
 Metaspace       used 11169K, capacity 11308K, committed 11392K, reserved 1058816K
  class space    used 1285K, capacity 1350K, committed 1408K, reserved 1048576K
Event: 2.957 GC heap after
Heap after GC invocations=2 (full 0):
 PSYoungGen      total 18432K, used 2553K [0x00000000eb600000, 0x00000000eca80000, 0x0000000100000000)
  eden space 15872K, 0% used [0x00000000eb600000,0x00000000eb600000,0x00000000ec580000)
  from space 2560K, 99% used [0x00000000ec800000,0x00000000eca7e570,0x00000000eca80000)
  to   space 2560K, 0% used [0x00000000ec580000,0x00000000ec580000,0x00000000ec800000)
 ParOldGen       total 42496K, used 1608K [0x00000000c2200000, 0x00000000c4b80000, 0x00000000eb600000)
  object space 42496K, 3% used [0x00000000c2200000,0x00000000c23920b8,0x00000000c4b80000)
 Metaspace       used 11169K, capacity 11308K, committed 11392K, reserved 1058816K
  class space    used 1285K, capacity 1350K, committed 1408K, reserved 1048576K
}
Event: 3.705 GC heap before
{Heap before GC invocations=3 (full 0):
 PSYoungGen      total 18432K, used 18425K [0x00000000eb600000, 0x00000000eca80000, 0x0000000100000000)
  eden space 15872K, 100% used [0x00000000eb600000,0x00000000ec580000,0x00000000ec580000)
  from space 2560K, 99% used [0x00000000ec800000,0x00000000eca7e570,0x00000000eca80000)
  to   space 2560K, 0% used [0x00000000ec580000,0x00000000ec580000,0x00000000ec800000)
 ParOldGen       total 42496K, used 1608K [0x00000000c2200000, 0x00000000c4b80000, 0x00000000eb600000)
  object space 42496K, 3% used [0x00000000c2200000,0x00000000c23920b8,0x00000000c4b80000)
 Metaspace       used 14278K, capacity 14776K, committed 15104K, reserved 1062912K
  class space    used 1759K, capacity 2016K, committed 2048K, reserved 1048576K
Event: 3.723 GC heap after
Heap after GC invocations=3 (full 0):
 PSYoungGen      total 18432K, used 2537K [0x00000000eb600000, 0x00000000eda00000, 0x0000000100000000)
  eden space 15872K, 0% used [0x00000000eb600000,0x00000000eb600000,0x00000000ec580000)
  from space 2560K, 99% used [0x00000000ec580000,0x00000000ec7fa560,0x00000000ec800000)
  to   space 2560K, 0% used [0x00000000ed780000,0x00000000ed780000,0x00000000eda00000)
 ParOldGen       total 42496K, used 3526K [0x00000000c2200000, 0x00000000c4b80000, 0x00000000eb600000)
  object space 42496K, 8% used [0x00000000c2200000,0x00000000c2571b18,0x00000000c4b80000)
 Metaspace       used 14278K, capacity 14776K, committed 15104K, reserved 1062912K
  class space    used 1759K, capacity 2016K, committed 2048K, reserved 1048576K
}

Deoptimization events (10 events):
Event: 3.531 Thread 0x0000000002f43800 Uncommon trap: reason=unstable_if action=reinterpret pc=0x000000000347c578 method=java.util.HashMap.putVal(ILjava/lang/Object;Ljava/lang/Object;ZZ)Ljava/lang/Object; @ 193
Event: 3.533 Thread 0x0000000002f43800 Uncommon trap: reason=unstable_if action=reinterpret pc=0x00000000032b82b4 method=java.util.HashMap.getNode(ILjava/lang/Object;)Ljava/util/HashMap$Node; @ 129
Event: 3.608 Thread 0x0000000002f43800 Uncommon trap: reason=range_check action=make_not_entrant pc=0x00000000032bd820 method=sun.reflect.generics.parser.SignatureParser.current()C @ 34
Event: 4.032 Thread 0x0000000002f43800 Uncommon trap: reason=class_check action=maybe_recompile pc=0x00000000034917c0 method=java.util.HashMap.putVal(ILjava/lang/Object;Ljava/lang/Object;ZZ)Ljava/lang/Object; @ 203
Event: 4.032 Thread 0x0000000002f43800 Uncommon trap: reason=class_check action=maybe_recompile pc=0x00000000034917c0 method=java.util.HashMap.putVal(ILjava/lang/Object;Ljava/lang/Object;ZZ)Ljava/lang/Object; @ 203
Event: 4.048 Thread 0x0000000002f43800 Uncommon trap: reason=class_check action=maybe_recompile pc=0x00000000034917c0 method=java.util.HashMap.putVal(ILjava/lang/Object;Ljava/lang/Object;ZZ)Ljava/lang/Object; @ 203
Event: 4.205 Thread 0x0000000002f43800 Uncommon trap: reason=predicate action=maybe_recompile pc=0x00000000034baf38 method=sun.net.www.ParseUtil.encodePath(Ljava/lang/String;Z)Ljava/lang/String; @ 36
Event: 4.602 Thread 0x0000000002f43800 Uncommon trap: reason=unstable_if action=reinterpret pc=0x00000000035145c8 method=java.lang.String$CaseInsensitiveComparator.compare(Ljava/lang/String;Ljava/lang/String;)I @ 70
Event: 4.628 Thread 0x0000000002f43800 Uncommon trap: reason=class_check action=maybe_recompile pc=0x00000000034917c0 method=java.util.HashMap.putVal(ILjava/lang/Object;Ljava/lang/Object;ZZ)Ljava/lang/Object; @ 203
Event: 4.631 Thread 0x0000000002f43800 Uncommon trap: reason=unstable_if action=reinterpret pc=0x0000000003360b7c method=java.lang.CharacterDataLatin1.isWhitespace(I)Z @ 14

Classes redefined (0 events):
No events

Internal exceptions (10 events):
Event: 0.157 Thread 0x0000000002f43800 Exception <a 'java/lang/NoSuchMethodError': Method sun.misc.Unsafe.prefetchRead(Ljava/lang/Object;J)V name or signature does not match> (0x00000000eb607fa0) thrown at [C:\re\workspace\8-2-build-windows-amd64-cygwin\jdk8u231\13620\hotspot\src\share\vm\prim
Event: 0.503 Thread 0x0000000002f43800 Exception <a 'java/security/PrivilegedActionException'> (0x00000000eb891550) thrown at [C:\re\workspace\8-2-build-windows-amd64-cygwin\jdk8u231\13620\hotspot\src\share\vm\prims\jvm.cpp, line 1502]
Event: 0.503 Thread 0x0000000002f43800 Exception <a 'java/security/PrivilegedActionException'> (0x00000000eb891760) thrown at [C:\re\workspace\8-2-build-windows-amd64-cygwin\jdk8u231\13620\hotspot\src\share\vm\prims\jvm.cpp, line 1502]
Event: 0.509 Thread 0x0000000002f43800 Exception <a 'java/security/PrivilegedActionException'> (0x00000000eb895930) thrown at [C:\re\workspace\8-2-build-windows-amd64-cygwin\jdk8u231\13620\hotspot\src\share\vm\prims\jvm.cpp, line 1502]
Event: 0.509 Thread 0x0000000002f43800 Exception <a 'java/security/PrivilegedActionException'> (0x00000000eb895b40) thrown at [C:\re\workspace\8-2-build-windows-amd64-cygwin\jdk8u231\13620\hotspot\src\share\vm\prims\jvm.cpp, line 1502]
Event: 2.710 Thread 0x0000000002f43800 Implicit null exception at 0x00000000032344a2 to 0x0000000003234651
Event: 2.967 Thread 0x0000000002f43800 Exception <a 'java/lang/NoSuchFieldError': method resolution failed> (0x00000000eb67b750) thrown at [C:\re\workspace\8-2-build-windows-amd64-cygwin\jdk8u231\13620\hotspot\src\share\vm\prims\methodHandles.cpp, line 1167]
Event: 2.970 Thread 0x0000000002f43800 Exception <a 'java/lang/NoSuchFieldError': method resolution failed> (0x00000000eb6896e0) thrown at [C:\re\workspace\8-2-build-windows-amd64-cygwin\jdk8u231\13620\hotspot\src\share\vm\prims\methodHandles.cpp, line 1167]
Event: 3.608 Thread 0x0000000002f43800 Exception <a 'java/lang/ArrayIndexOutOfBoundsException': 18> (0x00000000ec3df020) thrown at [C:\re\workspace\8-2-build-windows-amd64-cygwin\jdk8u231\13620\hotspot\src\share\vm\interpreter\interpreterRuntime.cpp, line 368]
Event: 3.608 Thread 0x0000000002f43800 Exception <a 'java/lang/ArrayIndexOutOfBoundsException': 110> (0x00000000ec3e0dc0) thrown at [C:\re\workspace\8-2-build-windows-amd64-cygwin\jdk8u231\13620\hotspot\src\share\vm\interpreter\interpreterRuntime.cpp, line 368]

Events (10 events):
Event: 4.829 loading class sun/nio/ch/DatagramChannelImpl
Event: 4.830 loading class sun/nio/ch/DatagramChannelImpl done
Event: 4.830 loading class sun/nio/ch/DatagramDispatcher
Event: 4.830 loading class sun/nio/ch/DatagramDispatcher done
Event: 4.830 loading class sun/net/ResourceManager
Event: 4.830 loading class sun/net/ResourceManager done
Event: 4.832 loading class sun/nio/ch/WindowsSelectorImpl$MapEntry
Event: 4.832 loading class sun/nio/ch/WindowsSelectorImpl$MapEntry done
Event: 4.834 loading class java/nio/channels/spi/AbstractSelector$1
Event: 4.834 loading class java/nio/channels/spi/AbstractSelector$1 done


Dynamic libraries:
0x00007ff762b40000 - 0x00007ff762b77000 	C:\Program Files\Java\jdk1.8.0_231\bin\java.exe
0x00007ffa710e0000 - 0x00007ffa712d0000 	C:\WINDOWS\SYSTEM32\ntdll.dll
0x00007ffa6fd90000 - 0x00007ffa6fe42000 	C:\WINDOWS\System32\KERNEL32.DLL
0x00007ffa6e3d0000 - 0x00007ffa6e674000 	C:\WINDOWS\System32\KERNELBASE.dll
0x00007ffa70080000 - 0x00007ffa70123000 	C:\WINDOWS\System32\ADVAPI32.dll
0x00007ffa701d0000 - 0x00007ffa7026e000 	C:\WINDOWS\System32\msvcrt.dll
0x00007ffa6fe50000 - 0x00007ffa6fee7000 	C:\WINDOWS\System32\sechost.dll
0x00007ffa6fef0000 - 0x00007ffa70010000 	C:\WINDOWS\System32\RPCRT4.dll
0x00007ffa70270000 - 0x00007ffa70404000 	C:\WINDOWS\System32\USER32.dll
0x00007ffa6e320000 - 0x00007ffa6e341000 	C:\WINDOWS\System32\win32u.dll
0x00007ffa6f710000 - 0x00007ffa6f736000 	C:\WINDOWS\System32\GDI32.dll
0x00007ffa6e070000 - 0x00007ffa6e205000 	C:\WINDOWS\System32\gdi32full.dll
0x00007ffa6f0f0000 - 0x00007ffa6f18e000 	C:\WINDOWS\System32\msvcp_win.dll
0x00007ffa6e680000 - 0x00007ffa6e77a000 	C:\WINDOWS\System32\ucrtbase.dll
0x00007ffa4e690000 - 0x00007ffa4e914000 	C:\WINDOWS\WinSxS\amd64_microsoft.windows.common-controls_6595b64144ccf1df_6.0.18362.900_none_e6beb9d913147d17\COMCTL32.dll
0x00007ffa6f3d0000 - 0x00007ffa6f705000 	C:\WINDOWS\System32\combase.dll
0x00007ffa6e350000 - 0x00007ffa6e3d0000 	C:\WINDOWS\System32\bcryptPrimitives.dll
0x00007ffa70140000 - 0x00007ffa7016e000 	C:\WINDOWS\System32\IMM32.DLL
0x00000000508d0000 - 0x00000000509a2000 	C:\Program Files\Java\jdk1.8.0_231\jre\bin\msvcr100.dll
0x0000000050020000 - 0x00000000508c6000 	C:\Program Files\Java\jdk1.8.0_231\jre\bin\server\jvm.dll
0x00007ffa70130000 - 0x00007ffa70138000 	C:\WINDOWS\System32\PSAPI.DLL
0x00007ffa5e3b0000 - 0x00007ffa5e3b9000 	C:\WINDOWS\SYSTEM32\WSOCK32.dll
0x00007ffa6fc50000 - 0x00007ffa6fcbf000 	C:\WINDOWS\System32\WS2_32.dll
0x00007ffa6a880000 - 0x00007ffa6a8a4000 	C:\WINDOWS\SYSTEM32\WINMM.dll
0x00007ffa613f0000 - 0x00007ffa613fa000 	C:\WINDOWS\SYSTEM32\VERSION.dll
0x00007ffa6a850000 - 0x00007ffa6a87d000 	C:\WINDOWS\SYSTEM32\WINMMBASE.dll
0x00007ffa6e7d0000 - 0x00007ffa6e81a000 	C:\WINDOWS\System32\cfgmgr32.dll
0x00007ffa67520000 - 0x00007ffa6752f000 	C:\Program Files\Java\jdk1.8.0_231\jre\bin\verify.dll
0x00007ffa4f940000 - 0x00007ffa4f969000 	C:\Program Files\Java\jdk1.8.0_231\jre\bin\java.dll
0x00007ffa62030000 - 0x00007ffa62053000 	C:\Program Files\Java\jdk1.8.0_231\jre\bin\instrument.dll
0x00007ffa4f9e0000 - 0x00007ffa4f9f6000 	C:\Program Files\Java\jdk1.8.0_231\jre\bin\zip.dll
0x00007ffa70410000 - 0x00007ffa70af6000 	C:\WINDOWS\System32\SHELL32.dll
0x00007ffa6f750000 - 0x00007ffa6f7f9000 	C:\WINDOWS\System32\shcore.dll
0x00007ffa6e970000 - 0x00007ffa6f0f0000 	C:\WINDOWS\System32\windows.storage.dll
0x00007ffa6dfd0000 - 0x00007ffa6dff3000 	C:\WINDOWS\System32\profapi.dll
0x00007ffa6e020000 - 0x00007ffa6e06a000 	C:\WINDOWS\System32\powrprof.dll
0x00007ffa6dfa0000 - 0x00007ffa6dfb0000 	C:\WINDOWS\System32\UMPDC.dll
0x00007ffa70bd0000 - 0x00007ffa70c22000 	C:\WINDOWS\System32\shlwapi.dll
0x00007ffa6dfb0000 - 0x00007ffa6dfc1000 	C:\WINDOWS\System32\kernel.appcore.dll
0x00007ffa6e780000 - 0x00007ffa6e797000 	C:\WINDOWS\System32\cryptsp.dll
0x00007ffa67440000 - 0x00007ffa6745a000 	C:\Users\rabbit\IntelliJ IDEA 2019.3\bin\breakgen64.dll
0x00007ffa4f620000 - 0x00007ffa4f63a000 	C:\Program Files\Java\jdk1.8.0_231\jre\bin\net.dll
0x00007ffa6d810000 - 0x00007ffa6d877000 	C:\WINDOWS\system32\mswsock.dll
0x00007ffa61fb0000 - 0x00007ffa61fbd000 	C:\Program Files\Java\jdk1.8.0_231\jre\bin\management.dll
0x00007ffa2d6a0000 - 0x00007ffa2d6b6000 	C:\WINDOWS\system32\napinsp.dll
0x00007ffa2d680000 - 0x00007ffa2d69a000 	C:\WINDOWS\system32\pnrpnsp.dll
0x00007ffa6d560000 - 0x00007ffa6d62b000 	C:\WINDOWS\SYSTEM32\DNSAPI.dll
0x00007ffa6f740000 - 0x00007ffa6f748000 	C:\WINDOWS\System32\NSI.dll
0x00007ffa6d4c0000 - 0x00007ffa6d4fa000 	C:\WINDOWS\SYSTEM32\IPHLPAPI.DLL
0x00007ffa64710000 - 0x00007ffa6471e000 	C:\WINDOWS\System32\winrnr.dll
0x00007ffa6a1f0000 - 0x00007ffa6a20c000 	C:\WINDOWS\system32\NLAapi.dll
0x00007ffa67d60000 - 0x00007ffa67d75000 	C:\WINDOWS\system32\wshbth.dll
0x00007ffa61480000 - 0x00007ffa6148a000 	C:\Windows\System32\rasadhlp.dll
0x00007ffa601e0000 - 0x00007ffa60257000 	C:\WINDOWS\System32\fwpuclnt.dll
0x00007ffa6e7a0000 - 0x00007ffa6e7c6000 	C:\WINDOWS\System32\bcrypt.dll
0x00007ffa605b0000 - 0x00007ffa605c6000 	C:\WINDOWS\SYSTEM32\dhcpcsvc6.DLL
0x00007ffa60920000 - 0x00007ffa6093c000 	C:\WINDOWS\SYSTEM32\dhcpcsvc.DLL
0x00007ffa6d320000 - 0x00007ffa6d353000 	C:\WINDOWS\system32\rsaenh.dll
0x00007ffa6de90000 - 0x00007ffa6deb5000 	C:\WINDOWS\SYSTEM32\USERENV.dll
0x00007ffa6d9e0000 - 0x00007ffa6d9ec000 	C:\WINDOWS\SYSTEM32\CRYPTBASE.dll
0x00007ffa4f600000 - 0x00007ffa4f612000 	C:\Program Files\Java\jdk1.8.0_231\jre\bin\nio.dll

VM Arguments:
jvm_args: -javaagent:C:\Users\rabbit\IntelliJ IDEA 2019.3\lib\idea_rt.jar=53494:C:\Users\rabbit\IntelliJ IDEA 2019.3\bin -Dfile.encoding=UTF-8 
java_command: main.Main
java_class_path (initial): C:\Program Files\Java\jdk1.8.0_231\jre\lib\charsets.jar;C:\Program Files\Java\jdk1.8.0_231\jre\lib\deploy.jar;C:\Program Files\Java\jdk1.8.0_231\jre\lib\ext\access-bridge-64.jar;C:\Program Files\Java\jdk1.8.0_231\jre\lib\ext\cldrdata.jar;C:\Program Files\Java\jdk1.8.0_231\jre\lib\ext\dnsns.jar;C:\Program Files\Java\jdk1.8.0_231\jre\lib\ext\jaccess.jar;C:\Program Files\Java\jdk1.8.0_231\jre\lib\ext\jfxrt.jar;C:\Program Files\Java\jdk1.8.0_231\jre\lib\ext\localedata.jar;C:\Program Files\Java\jdk1.8.0_231\jre\lib\ext\nashorn.jar;C:\Program Files\Java\jdk1.8.0_231\jre\lib\ext\sunec.jar;C:\Program Files\Java\jdk1.8.0_231\jre\lib\ext\sunjce_provider.jar;C:\Program Files\Java\jdk1.8.0_231\jre\lib\ext\sunmscapi.jar;C:\Program Files\Java\jdk1.8.0_231\jre\lib\ext\sunpkcs11.jar;C:\Program Files\Java\jdk1.8.0_231\jre\lib\ext\zipfs.jar;C:\Program Files\Java\jdk1.8.0_231\jre\lib\javaws.jar;C:\Program Files\Java\jdk1.8.0_231\jre\lib\jce.jar;C:\Program Files\Java\jdk1.8.0_231\jre\lib\jfr.jar;C:\Program Files\Java\jdk1.8.0_231\jre\lib\jfxswt.jar;C:\Program Files\Java\jdk1.8.0_231\jre\lib\jsse.jar;C:\Program Files\Java\jdk1.8.0_231\jre\lib\management-agent.jar;C:\Program Files\Java\jdk1.8.0_231\jre\lib\plugin.jar;C:\Program Files\Java\jdk1.8.0_231\jre\lib\resources.jar;C:\Program Files\Java\jdk1.8.0_231\jre\lib\rt.jar;C:\Users\rabbit\IdeaProjects\udpDatagramChannelServer\out\production\udpDatagramChannelServer;C:\Users\rabbit\.m2\repository\com\google\code\gson\gson\2.8.6\gson-2.8.6.jar;C:\Users\rabbit\Desktop\apache-log4j-2.12.1-bin\log4j-core-2.12.1.jar;C:\Users\rabbit\Desktop\apache-log4j-2.12.1-bin\log4j-api-2.12.1.jar;C:\Users\rabbit\Downloads\postgresql-42.2.13.jar;C:\Users\rabbit\IntelliJ IDEA 2019.3\lib\idea_rt.jar
Launcher Type: SUN_STANDARD

Environment Variables:
PATH=C:\Program Files (x86)\Common Files\Oracle\Java\javapath;C:\Program Files (x86)\Intel\iCLS Client\;C:\Program Files\Intel\iCLS Client\;C:\WINDOWS\system32;C:\WINDOWS;C:\WINDOWS\System32\Wbem;C:\WINDOWS\System32\WindowsPowerShell\v1.0\;C:\WINDOWS\System32\OpenSSH\;C:\Program Files (x86)\Intel\Intel(R) Management Engine Components\DAL;C:\Program Files\Intel\Intel(R) Management Engine Components\DAL;C:\Program Files (x86)\Intel\Intel(R) Management Engine Components\IPT;C:\Program Files\Intel\Intel(R) Management Engine Components\IPT;C:\Program Files\Java\jdk-12.0.2\bin;C:\Program Files\PuTTY\;C:\Program Files\GitN\cmd;C:\Program Files\GitN\mingw64\bin;C:\Program Files\GitN\usr\bin;C:\Program Files\Microsoft SQL Server\Client SDK\ODBC\170\Tools\Binn\;C:\Program Files (x86)\Microsoft SQL Server\150\Tools\Binn\;C:\Program Files\Microsoft SQL Server\150\Tools\Binn\;C:\Program Files\Microsoft SQL Server\150\DTS\Binn\;C:\Users\rabbit\Anaconda3;C:\Users\rabbit\Anaconda3\Library\mingw-w64\bin;C:\Users\rabbit\Anaconda3\Library\usr\bin;C:\Users\rabbit\Anaconda3\Library\bin;C:\Users\rabbit\Anaconda3\Scripts;C:\Users\rabbit\Anaconda2;C:\Users\rabbit\Anaconda2\Library\mingw-w64\bin;C:\Users\rabbit\Anaconda2\Library\usr\bin;C:\Users\rabbit\Anaconda2\Library\bin;C:\Users\rabbit\Anaconda2\Scripts;C:\Users\rabbit\AppData\Local\Programs\Python\Python36\Scripts\;C:\Users\rabbit\AppData\Local\Programs\Python\Python36\;C:\Users\rabbit\AppData\Local\Microsoft\WindowsApps;C:\Users\rabbit\AppData\Local\Programs\Microsoft VS Code\bin;C:\Program Files\JetBrains\PyCharm Community Edition 2019.1.1\bin;;C:\Program Files\JetBrains\IntelliJ IDEA Community Edition 2019.2\bin;;D:\soft\CLion 2019.3\bin;C:\Users\rabbit\.CLion2019.3\config;;C:\Users\rabbit\IntelliJ IDEA 2019.3\bin;;C:\Users\rabbit\AppData\Local\Programs\MiKTeX 2.9\miktex\bin\x64\;;C:\Program Files\JetBrains\JetBrains Rider 2019.3.4\bin;;C:\Program Files\JetBrains\PyCharm 2020.1\bin;
USERNAME=rabbit
OS=Windows_NT
PROCESSOR_IDENTIFIER=Intel64 Family 6 Model 142 Stepping 9, GenuineIntel



---------------  S Y S T E M  ---------------

OS: Windows 10.0 , 64 bit Build 18362 (10.0.18362.900)

CPU:total 4 (initial active 4) (2 cores per cpu, 2 threads per core) family 6 model 142 stepping 9, cmov, cx8, fxsr, mmx, sse, sse2, sse3, ssse3, sse4.1, sse4.2, popcnt, avx, avx2, aes, clmul, erms, 3dnowpref, lzcnt, ht, tsc, tscinvbit, bmi1, bmi2, adx

Memory: 4k page, physical 4052048k(106832k free), swap 16634960k(4148k free)

vm_info: Java HotSpot(TM) 64-Bit Server VM (25.231-b11) for windows-amd64 JRE (1.8.0_231-b11), built on Oct  5 2019 03:11:30 by "java_re" with MS VC++ 10.0 (VS2010)

time: Wed Jul 01 00:33:13 2020
timezone: RTZ 2 (зима)
elapsed time: 5 seconds (0d 0h 0m 5s)

