#
# There is insufficient memory for the Java Runtime Environment to continue.
# Native memory allocation (malloc) failed to allocate 404016 bytes for Chunk::new
# Possible reasons:
#   The system is out of physical RAM or swap space
#   The process is running with CompressedOops enabled, and the Java Heap may be blocking the growth of the native heap
# Possible solutions:
#   Reduce memory load on the system
#   Increase physical memory or swap space
#   Check if swap backing store is full
#   Decrease Java heap size (-Xmx/-Xms)
#   Decrease number of Java threads
#   Decrease Java thread stack sizes (-Xss)
#   Set larger code cache with -XX:ReservedCodeCacheSize=
#   JVM is running with Unscaled Compressed Oops mode in which the Java heap is
#     placed in the first 4GB address space. The Java Heap base address is the
#     maximum limit for the native heap growth. Please use -XX:HeapBaseMinAddress
#     to set the Java Heap base and to place the Java Heap above 4GB virtual address.
# This output file may be truncated or incomplete.
#
#  Out of Memory Error (allocation.cpp:389), pid=13716, tid=0x0000000000001938
#
# JRE version: Java(TM) SE Runtime Environment (8.0_231-b11) (build 1.8.0_231-b11)
# Java VM: Java HotSpot(TM) 64-Bit Server VM (25.231-b11 mixed mode windows-amd64 compressed oops)
# Failed to write core dump. Minidumps are not enabled by default on client versions of Windows
#

---------------  T H R E A D  ---------------

Current thread (0x00000000167ea800):  JavaThread "C2 CompilerThread0" daemon [_thread_in_native, id=6456, stack(0x0000000016c80000,0x0000000016d80000)]

Stack: [0x0000000016c80000,0x0000000016d80000]
[error occurred during error reporting (printing stack bounds), id 0xc0000005]

Native frames: (J=compiled Java code, j=interpreted, Vv=VM code, C=native code)


Current CompileTask:
C2:  10697 1724 % !   4       main.UdpServer::run @ 72 (311 bytes)


---------------  P R O C E S S  ---------------

Java Threads: ( => current thread )
  0x000000001681d000 JavaThread "pool-2-thread-2" [_thread_blocked, id=8556, stack(0x0000000019990000,0x0000000019a90000)]
  0x0000000016b27000 JavaThread "pool-2-thread-1" [_thread_blocked, id=6780, stack(0x0000000019890000,0x0000000019990000)]
  0x000000001680f800 JavaThread "ForkJoinPool-1-worker-9" daemon [_thread_blocked, id=11588, stack(0x0000000019590000,0x0000000019690000)]
  0x0000000016889800 JavaThread "Service Thread" daemon [_thread_blocked, id=5232, stack(0x0000000016f80000,0x0000000017080000)]
  0x00000000167ef000 JavaThread "C1 CompilerThread2" daemon [_thread_blocked, id=17488, stack(0x0000000016e80000,0x0000000016f80000)]
  0x00000000167ed800 JavaThread "C2 CompilerThread1" daemon [_thread_blocked, id=15840, stack(0x0000000016d80000,0x0000000016e80000)]
=>0x00000000167ea800 JavaThread "C2 CompilerThread0" daemon [_thread_in_native, id=6456, stack(0x0000000016c80000,0x0000000016d80000)]
  0x00000000167e8000 JavaThread "Monitor Ctrl-Break" daemon [_thread_in_native, id=15976, stack(0x0000000016b80000,0x0000000016c80000)]
  0x0000000015118800 JavaThread "Attach Listener" daemon [_thread_blocked, id=11224, stack(0x0000000016680000,0x0000000016780000)]
  0x0000000015117800 JavaThread "Signal Dispatcher" daemon [_thread_blocked, id=13792, stack(0x0000000016580000,0x0000000016680000)]
  0x0000000002b8c800 JavaThread "Finalizer" daemon [_thread_blocked, id=16612, stack(0x0000000016370000,0x0000000016470000)]
  0x00000000150fa000 JavaThread "Reference Handler" daemon [_thread_blocked, id=1348, stack(0x0000000016270000,0x0000000016370000)]
  0x0000000002a93800 JavaThread "main" [_thread_in_native, id=9772, stack(0x0000000002740000,0x0000000002840000)]

Other Threads:
  0x00000000150d8000 VMThread [stack: 0x0000000016170000,0x0000000016270000] [id=7652]
  0x000000001689e800 WatcherThread [stack: 0x0000000017080000,0x0000000017180000] [id=1072]

VM state:not at safepoint (normal execution)

VM Mutex/Monitor currently owned by a thread: None

heap address: 0x00000000c2200000, size: 990 MB, Compressed Oops mode: 32-bit
Narrow klass base: 0x0000000000000000, Narrow klass shift: 3
Compressed class space size: 1073741824 Address: 0x0000000100000000

Heap:
 PSYoungGen      total 18432K, used 6974K [0x00000000eb600000, 0x00000000eda00000, 0x0000000100000000)
  eden space 15872K, 28% used [0x00000000eb600000,0x00000000eba57980,0x00000000ec580000)
  from space 2560K, 98% used [0x00000000ed780000,0x00000000ed9f8020,0x00000000eda00000)
  to   space 2560K, 0% used [0x00000000ec580000,0x00000000ec580000,0x00000000ec800000)
 ParOldGen       total 42496K, used 5502K [0x00000000c2200000, 0x00000000c4b80000, 0x00000000eb600000)
  object space 42496K, 12% used [0x00000000c2200000,0x00000000c275fa68,0x00000000c4b80000)
 Metaspace       used 18554K, capacity 19082K, committed 19456K, reserved 1067008K
  class space    used 2265K, capacity 2495K, committed 2560K, reserved 1048576K

Card table byte_map: [0x0000000011f50000,0x0000000012140000] byte_map_base: 0x000000001193f000

Marking Bits: (ParMarkBitMap*) 0x0000000050846d90
 Begin Bits: [0x0000000012690000, 0x0000000013608000)
 End Bits:   [0x0000000013608000, 0x0000000014580000)

Polling page: 0x00000000007f0000

CodeCache: size=245760Kb used=5555Kb max_used=5571Kb free=240204Kb
 bounds [0x0000000002b90000, 0x0000000003110000, 0x0000000011b90000]
 total_blobs=2188 nmethods=1723 adapters=377
 compilation: enabled

Compilation events (10 events):
Event: 8.158 Thread 0x00000000167ef000 1720       1       java.io.ObjectStreamField::isUnshared (5 bytes)
Event: 8.158 Thread 0x00000000167ef000 nmethod 1720 0x00000000030fbcd0 code [0x00000000030fbe20, 0x00000000030fbf30]
Event: 8.159 Thread 0x00000000167ef000 1721       3       java.io.ObjectOutputStream$HandleTable::lookup (56 bytes)
Event: 8.160 Thread 0x00000000167ef000 nmethod 1721 0x00000000030fbf90 code [0x00000000030fc120, 0x00000000030fc4e8]
Event: 8.162 Thread 0x00000000167ef000 1722       3       java.io.ObjectOutputStream$BlockDataOutputStream::setBlockDataMode (35 bytes)
Event: 8.163 Thread 0x00000000167ef000 nmethod 1722 0x00000000030fc750 code [0x00000000030fc8c0, 0x00000000030fcb28]
Event: 8.163 Thread 0x00000000167ef000 1723       1       java.io.ObjectStreamClass$WeakClassKey::hashCode (5 bytes)
Event: 8.163 Thread 0x00000000167ef000 nmethod 1723 0x00000000030fcbd0 code [0x00000000030fcd20, 0x00000000030fce30]
Event: 8.196 Thread 0x00000000167ed800 nmethod 1715 0x0000000003100f50 code [0x0000000003101180, 0x00000000031025d0]
Event: 10.650 Thread 0x00000000167ea800 1724 % !   4       main.UdpServer::run @ 72 (311 bytes)

GC Heap History (8 events):
Event: 1.955 GC heap before
{Heap before GC invocations=1 (full 0):
 PSYoungGen      total 18432K, used 15872K [0x00000000eb600000, 0x00000000eca80000, 0x0000000100000000)
  eden space 15872K, 100% used [0x00000000eb600000,0x00000000ec580000,0x00000000ec580000)
  from space 2560K, 0% used [0x00000000ec800000,0x00000000ec800000,0x00000000eca80000)
  to   space 2560K, 0% used [0x00000000ec580000,0x00000000ec580000,0x00000000ec800000)
 ParOldGen       total 42496K, used 0K [0x00000000c2200000, 0x00000000c4b80000, 0x00000000eb600000)
  object space 42496K, 0% used [0x00000000c2200000,0x00000000c2200000,0x00000000c4b80000)
 Metaspace       used 6763K, capacity 6864K, committed 7040K, reserved 1056768K
  class space    used 779K, capacity 816K, committed 896K, reserved 1048576K
Event: 1.961 GC heap after
Heap after GC invocations=1 (full 0):
 PSYoungGen      total 18432K, used 2530K [0x00000000eb600000, 0x00000000eca80000, 0x0000000100000000)
  eden space 15872K, 0% used [0x00000000eb600000,0x00000000eb600000,0x00000000ec580000)
  from space 2560K, 98% used [0x00000000ec580000,0x00000000ec7f8ac8,0x00000000ec800000)
  to   space 2560K, 0% used [0x00000000ec800000,0x00000000ec800000,0x00000000eca80000)
 ParOldGen       total 42496K, used 202K [0x00000000c2200000, 0x00000000c4b80000, 0x00000000eb600000)
  object space 42496K, 0% used [0x00000000c2200000,0x00000000c2232b88,0x00000000c4b80000)
 Metaspace       used 6763K, capacity 6864K, committed 7040K, reserved 1056768K
  class space    used 779K, capacity 816K, committed 896K, reserved 1048576K
}
Event: 2.673 GC heap before
{Heap before GC invocations=2 (full 0):
 PSYoungGen      total 18432K, used 18402K [0x00000000eb600000, 0x00000000eca80000, 0x0000000100000000)
  eden space 15872K, 100% used [0x00000000eb600000,0x00000000ec580000,0x00000000ec580000)
  from space 2560K, 98% used [0x00000000ec580000,0x00000000ec7f8ac8,0x00000000ec800000)
  to   space 2560K, 0% used [0x00000000ec800000,0x00000000ec800000,0x00000000eca80000)
 ParOldGen       total 42496K, used 202K [0x00000000c2200000, 0x00000000c4b80000, 0x00000000eb600000)
  object space 42496K, 0% used [0x00000000c2200000,0x00000000c2232b88,0x00000000c4b80000)
 Metaspace       used 11168K, capacity 11308K, committed 11392K, reserved 1058816K
  class space    used 1285K, capacity 1350K, committed 1408K, reserved 1048576K
Event: 2.679 GC heap after
Heap after GC invocations=2 (full 0):
 PSYoungGen      total 18432K, used 2552K [0x00000000eb600000, 0x00000000eca80000, 0x0000000100000000)
  eden space 15872K, 0% used [0x00000000eb600000,0x00000000eb600000,0x00000000ec580000)
  from space 2560K, 99% used [0x00000000ec800000,0x00000000eca7e398,0x00000000eca80000)
  to   space 2560K, 0% used [0x00000000ec580000,0x00000000ec580000,0x00000000ec800000)
 ParOldGen       total 42496K, used 1621K [0x00000000c2200000, 0x00000000c4b80000, 0x00000000eb600000)
  object space 42496K, 3% used [0x00000000c2200000,0x00000000c2395538,0x00000000c4b80000)
 Metaspace       used 11168K, capacity 11308K, committed 11392K, reserved 1058816K
  class space    used 1285K, capacity 1350K, committed 1408K, reserved 1048576K
}
Event: 3.507 GC heap before
{Heap before GC invocations=3 (full 0):
 PSYoungGen      total 18432K, used 18424K [0x00000000eb600000, 0x00000000eca80000, 0x0000000100000000)
  eden space 15872K, 100% used [0x00000000eb600000,0x00000000ec580000,0x00000000ec580000)
  from space 2560K, 99% used [0x00000000ec800000,0x00000000eca7e398,0x00000000eca80000)
  to   space 2560K, 0% used [0x00000000ec580000,0x00000000ec580000,0x00000000ec800000)
 ParOldGen       total 42496K, used 1621K [0x00000000c2200000, 0x00000000c4b80000, 0x00000000eb600000)
  object space 42496K, 3% used [0x00000000c2200000,0x00000000c2395538,0x00000000c4b80000)
 Metaspace       used 14315K, capacity 14776K, committed 15104K, reserved 1062912K
  class space    used 1759K, capacity 2016K, committed 2048K, reserved 1048576K
Event: 3.528 GC heap after
Heap after GC invocations=3 (full 0):
 PSYoungGen      total 18432K, used 2528K [0x00000000eb600000, 0x00000000eda00000, 0x0000000100000000)
  eden space 15872K, 0% used [0x00000000eb600000,0x00000000eb600000,0x00000000ec580000)
  from space 2560K, 98% used [0x00000000ec580000,0x00000000ec7f8020,0x00000000ec800000)
  to   space 2560K, 0% used [0x00000000ed780000,0x00000000ed780000,0x00000000eda00000)
 ParOldGen       total 42496K, used 3550K [0x00000000c2200000, 0x00000000c4b80000, 0x00000000eb600000)
  object space 42496K, 8% used [0x00000000c2200000,0x00000000c2577b00,0x00000000c4b80000)
 Metaspace       used 14315K, capacity 14776K, committed 15104K, reserved 1062912K
  class space    used 1759K, capacity 2016K, committed 2048K, reserved 1048576K
}
Event: 7.218 GC heap before
{Heap before GC invocations=4 (full 0):
 PSYoungGen      total 18432K, used 18400K [0x00000000eb600000, 0x00000000eda00000, 0x0000000100000000)
  eden space 15872K, 100% used [0x00000000eb600000,0x00000000ec580000,0x00000000ec580000)
  from space 2560K, 98% used [0x00000000ec580000,0x00000000ec7f8020,0x00000000ec800000)
  to   space 2560K, 0% used [0x00000000ed780000,0x00000000ed780000,0x00000000eda00000)
 ParOldGen       total 42496K, used 3550K [0x00000000c2200000, 0x00000000c4b80000, 0x00000000eb600000)
  object space 42496K, 8% used [0x00000000c2200000,0x00000000c2577b00,0x00000000c4b80000)
 Metaspace       used 18133K, capacity 18618K, committed 18944K, reserved 1064960K
  class space    used 2214K, capacity 2443K, committed 2560K, reserved 1048576K
Event: 7.225 GC heap after
Heap after GC invocations=4 (full 0):
 PSYoungGen      total 18432K, used 2528K [0x00000000eb600000, 0x00000000eda00000, 0x0000000100000000)
  eden space 15872K, 0% used [0x00000000eb600000,0x00000000eb600000,0x00000000ec580000)
  from space 2560K, 98% used [0x00000000ed780000,0x00000000ed9f8020,0x00000000eda00000)
  to   space 2560K, 0% used [0x00000000ec580000,0x00000000ec580000,0x00000000ec800000)
 ParOldGen       total 42496K, used 5502K [0x00000000c2200000, 0x00000000c4b80000, 0x00000000eb600000)
  object space 42496K, 12% used [0x00000000c2200000,0x00000000c275fa68,0x00000000c4b80000)
 Metaspace       used 18133K, capacity 18618K, committed 18944K, reserved 1064960K
  class space    used 2214K, capacity 2443K, committed 2560K, reserved 1048576K
}

Deoptimization events (10 events):
Event: 3.760 Thread 0x0000000002a93800 Uncommon trap: reason=class_check action=maybe_recompile pc=0x0000000002fed580 method=java.util.HashMap.putVal(ILjava/lang/Object;Ljava/lang/Object;ZZ)Ljava/lang/Object; @ 203
Event: 3.774 Thread 0x0000000002a93800 Uncommon trap: reason=class_check action=maybe_recompile pc=0x0000000002fed580 method=java.util.HashMap.putVal(ILjava/lang/Object;Ljava/lang/Object;ZZ)Ljava/lang/Object; @ 203
Event: 3.852 Thread 0x0000000002a93800 Uncommon trap: reason=class_check action=maybe_recompile pc=0x0000000002fed580 method=java.util.HashMap.putVal(ILjava/lang/Object;Ljava/lang/Object;ZZ)Ljava/lang/Object; @ 203
Event: 4.074 Thread 0x0000000002a93800 Uncommon trap: reason=predicate action=maybe_recompile pc=0x0000000003019a38 method=sun.net.www.ParseUtil.encodePath(Ljava/lang/String;Z)Ljava/lang/String; @ 36
Event: 4.303 Thread 0x0000000002a93800 Uncommon trap: reason=unstable_if action=reinterpret pc=0x000000000306f448 method=java.lang.String$CaseInsensitiveComparator.compare(Ljava/lang/String;Ljava/lang/String;)I @ 70
Event: 4.333 Thread 0x0000000002a93800 Uncommon trap: reason=unstable_if action=reinterpret pc=0x0000000002e5707c method=java.lang.CharacterDataLatin1.isWhitespace(I)Z @ 14
Event: 4.333 Thread 0x0000000002a93800 Uncommon trap: reason=unstable_if action=reinterpret pc=0x0000000002e4f53c method=java.lang.CharacterDataLatin1.isWhitespace(I)Z @ 14
Event: 7.666 Thread 0x0000000002a93800 Uncommon trap: reason=unstable_if action=reinterpret pc=0x00000000030c7ad0 method=sun.nio.ch.WindowsSelectorImpl$SubSelector.processFDSet(J[IIZ)I @ 11
Event: 7.666 Thread 0x0000000002a93800 Uncommon trap: reason=unstable_if action=reinterpret pc=0x00000000030cc6fc method=main.UdpServer.run()V @ 174
Event: 7.734 Thread 0x000000001680f800 Uncommon trap: reason=unstable_if action=reinterpret pc=0x00000000030764b0 method=java.util.concurrent.ConcurrentHashMap.putVal(Ljava/lang/Object;Ljava/lang/Object;Z)Ljava/lang/Object; @ 206

Classes redefined (0 events):
No events

Internal exceptions (10 events):
Event: 2.689 Thread 0x0000000002a93800 Exception <a 'java/lang/NoSuchFieldError': method resolution failed> (0x00000000eb63a3a8) thrown at [C:\re\workspace\8-2-build-windows-amd64-cygwin\jdk8u231\13620\hotspot\src\share\vm\prims\methodHandles.cpp, line 1167]
Event: 3.444 Thread 0x0000000002a93800 Exception <a 'java/lang/ArrayIndexOutOfBoundsException': 18> (0x00000000ec42c430) thrown at [C:\re\workspace\8-2-build-windows-amd64-cygwin\jdk8u231\13620\hotspot\src\share\vm\interpreter\interpreterRuntime.cpp, line 368]
Event: 3.445 Thread 0x0000000002a93800 Exception <a 'java/lang/ArrayIndexOutOfBoundsException': 110> (0x00000000ec42e1d0) thrown at [C:\re\workspace\8-2-build-windows-amd64-cygwin\jdk8u231\13620\hotspot\src\share\vm\interpreter\interpreterRuntime.cpp, line 368]
Event: 7.735 Thread 0x000000001680f800 Exception <a 'java/lang/NoSuchMethodError': <clinit>> (0x00000000eb6a20e8) thrown at [C:\re\workspace\8-2-build-windows-amd64-cygwin\jdk8u231\13620\hotspot\src\share\vm\prims\jni.cpp, line 1614]
Event: 7.738 Thread 0x000000001680f800 Exception <a 'java/lang/NoSuchMethodError': <clinit>> (0x00000000eb6c6890) thrown at [C:\re\workspace\8-2-build-windows-amd64-cygwin\jdk8u231\13620\hotspot\src\share\vm\prims\jni.cpp, line 1614]
Event: 8.036 Thread 0x000000001681d000 Exception <a 'java/lang/NoSuchMethodError': <clinit>> (0x00000000eb73f8f0) thrown at [C:\re\workspace\8-2-build-windows-amd64-cygwin\jdk8u231\13620\hotspot\src\share\vm\prims\jni.cpp, line 1614]
Event: 8.037 Thread 0x000000001681d000 Exception <a 'java/lang/NoSuchMethodError': <clinit>> (0x00000000eb740060) thrown at [C:\re\workspace\8-2-build-windows-amd64-cygwin\jdk8u231\13620\hotspot\src\share\vm\prims\jni.cpp, line 1614]
Event: 8.133 Thread 0x0000000016818000 Exception <a 'java/lang/NoSuchMethodError': <clinit>> (0x00000000eb7f6018) thrown at [C:\re\workspace\8-2-build-windows-amd64-cygwin\jdk8u231\13620\hotspot\src\share\vm\prims\jni.cpp, line 1614]
Event: 8.144 Thread 0x0000000016818000 Exception <a 'java/lang/NoSuchMethodError': <clinit>> (0x00000000eb802c68) thrown at [C:\re\workspace\8-2-build-windows-amd64-cygwin\jdk8u231\13620\hotspot\src\share\vm\prims\jni.cpp, line 1614]
Event: 8.147 Thread 0x0000000016818000 Exception <a 'java/lang/NoSuchMethodError': <clinit>> (0x00000000eb809a78) thrown at [C:\re\workspace\8-2-build-windows-amd64-cygwin\jdk8u231\13620\hotspot\src\share\vm\prims\jni.cpp, line 1614]

Events (10 events):
Event: 8.131 Executing VM operation: RevokeBias done
Event: 8.143 Executing VM operation: BulkRevokeBias
Event: 8.143 Executing VM operation: BulkRevokeBias done
Event: 8.149 Executing VM operation: RevokeBias
Event: 8.149 Executing VM operation: RevokeBias done
Event: 8.164 Executing VM operation: RevokeBias
Event: 8.164 Executing VM operation: RevokeBias done
Event: 8.167 Executing VM operation: RevokeBias
Event: 8.169 Executing VM operation: RevokeBias done
Event: 8.170 Thread 0x0000000016818000 Thread exited: 0x0000000016818000


Dynamic libraries:
0x00007ff762b40000 - 0x00007ff762b77000 	C:\Program Files\Java\jdk1.8.0_231\bin\java.exe
0x00007ffa710e0000 - 0x00007ffa712d0000 	C:\WINDOWS\SYSTEM32\ntdll.dll
0x00007ffa6fd90000 - 0x00007ffa6fe42000 	C:\WINDOWS\System32\KERNEL32.DLL
0x00007ffa6e3d0000 - 0x00007ffa6e674000 	C:\WINDOWS\System32\KERNELBASE.dll
0x00007ffa70080000 - 0x00007ffa70123000 	C:\WINDOWS\System32\ADVAPI32.dll
0x00007ffa701d0000 - 0x00007ffa7026e000 	C:\WINDOWS\System32\msvcrt.dll
0x00007ffa6fe50000 - 0x00007ffa6fee7000 	C:\WINDOWS\System32\sechost.dll
0x00007ffa6fef0000 - 0x00007ffa70010000 	C:\WINDOWS\System32\RPCRT4.dll
0x00007ffa70270000 - 0x00007ffa70404000 	C:\WINDOWS\System32\USER32.dll
0x00007ffa6e320000 - 0x00007ffa6e341000 	C:\WINDOWS\System32\win32u.dll
0x00007ffa6f710000 - 0x00007ffa6f736000 	C:\WINDOWS\System32\GDI32.dll
0x00007ffa6e070000 - 0x00007ffa6e205000 	C:\WINDOWS\System32\gdi32full.dll
0x00007ffa6f0f0000 - 0x00007ffa6f18e000 	C:\WINDOWS\System32\msvcp_win.dll
0x00007ffa6e680000 - 0x00007ffa6e77a000 	C:\WINDOWS\System32\ucrtbase.dll
0x00007ffa4e690000 - 0x00007ffa4e914000 	C:\WINDOWS\WinSxS\amd64_microsoft.windows.common-controls_6595b64144ccf1df_6.0.18362.900_none_e6beb9d913147d17\COMCTL32.dll
0x00007ffa6f3d0000 - 0x00007ffa6f705000 	C:\WINDOWS\System32\combase.dll
0x00007ffa6e350000 - 0x00007ffa6e3d0000 	C:\WINDOWS\System32\bcryptPrimitives.dll
0x00007ffa70140000 - 0x00007ffa7016e000 	C:\WINDOWS\System32\IMM32.DLL
0x00000000508d0000 - 0x00000000509a2000 	C:\Program Files\Java\jdk1.8.0_231\jre\bin\msvcr100.dll
0x0000000050020000 - 0x00000000508c6000 	C:\Program Files\Java\jdk1.8.0_231\jre\bin\server\jvm.dll
0x00007ffa70130000 - 0x00007ffa70138000 	C:\WINDOWS\System32\PSAPI.DLL
0x00007ffa5e3b0000 - 0x00007ffa5e3b9000 	C:\WINDOWS\SYSTEM32\WSOCK32.dll
0x00007ffa6fc50000 - 0x00007ffa6fcbf000 	C:\WINDOWS\System32\WS2_32.dll
0x00007ffa6a880000 - 0x00007ffa6a8a4000 	C:\WINDOWS\SYSTEM32\WINMM.dll
0x00007ffa613f0000 - 0x00007ffa613fa000 	C:\WINDOWS\SYSTEM32\VERSION.dll
0x00007ffa6a850000 - 0x00007ffa6a87d000 	C:\WINDOWS\SYSTEM32\WINMMBASE.dll
0x00007ffa6e7d0000 - 0x00007ffa6e81a000 	C:\WINDOWS\System32\cfgmgr32.dll
0x00007ffa67520000 - 0x00007ffa6752f000 	C:\Program Files\Java\jdk1.8.0_231\jre\bin\verify.dll
0x00007ffa4f940000 - 0x00007ffa4f969000 	C:\Program Files\Java\jdk1.8.0_231\jre\bin\java.dll
0x00007ffa62030000 - 0x00007ffa62053000 	C:\Program Files\Java\jdk1.8.0_231\jre\bin\instrument.dll
0x00007ffa4f9e0000 - 0x00007ffa4f9f6000 	C:\Program Files\Java\jdk1.8.0_231\jre\bin\zip.dll
0x00007ffa70410000 - 0x00007ffa70af6000 	C:\WINDOWS\System32\SHELL32.dll
0x00007ffa6f750000 - 0x00007ffa6f7f9000 	C:\WINDOWS\System32\shcore.dll
0x00007ffa6e970000 - 0x00007ffa6f0f0000 	C:\WINDOWS\System32\windows.storage.dll
0x00007ffa6dfd0000 - 0x00007ffa6dff3000 	C:\WINDOWS\System32\profapi.dll
0x00007ffa6e020000 - 0x00007ffa6e06a000 	C:\WINDOWS\System32\powrprof.dll
0x00007ffa6dfa0000 - 0x00007ffa6dfb0000 	C:\WINDOWS\System32\UMPDC.dll
0x00007ffa70bd0000 - 0x00007ffa70c22000 	C:\WINDOWS\System32\shlwapi.dll
0x00007ffa6dfb0000 - 0x00007ffa6dfc1000 	C:\WINDOWS\System32\kernel.appcore.dll
0x00007ffa6e780000 - 0x00007ffa6e797000 	C:\WINDOWS\System32\cryptsp.dll
0x00007ffa67440000 - 0x00007ffa6745a000 	C:\Users\rabbit\IntelliJ IDEA 2019.3\bin\breakgen64.dll
0x00007ffa4f620000 - 0x00007ffa4f63a000 	C:\Program Files\Java\jdk1.8.0_231\jre\bin\net.dll
0x00007ffa6d810000 - 0x00007ffa6d877000 	C:\WINDOWS\system32\mswsock.dll
0x00007ffa61fb0000 - 0x00007ffa61fbd000 	C:\Program Files\Java\jdk1.8.0_231\jre\bin\management.dll
0x00007ffa2d6a0000 - 0x00007ffa2d6b6000 	C:\WINDOWS\system32\napinsp.dll
0x00007ffa2d680000 - 0x00007ffa2d69a000 	C:\WINDOWS\system32\pnrpnsp.dll
0x00007ffa6d560000 - 0x00007ffa6d62b000 	C:\WINDOWS\SYSTEM32\DNSAPI.dll
0x00007ffa6f740000 - 0x00007ffa6f748000 	C:\WINDOWS\System32\NSI.dll
0x00007ffa6d4c0000 - 0x00007ffa6d4fa000 	C:\WINDOWS\SYSTEM32\IPHLPAPI.DLL
0x00007ffa64710000 - 0x00007ffa6471e000 	C:\WINDOWS\System32\winrnr.dll
0x00007ffa6a1f0000 - 0x00007ffa6a20c000 	C:\WINDOWS\system32\NLAapi.dll
0x00007ffa67d60000 - 0x00007ffa67d75000 	C:\WINDOWS\system32\wshbth.dll
0x00007ffa61480000 - 0x00007ffa6148a000 	C:\Windows\System32\rasadhlp.dll
0x00007ffa601e0000 - 0x00007ffa60257000 	C:\WINDOWS\System32\fwpuclnt.dll
0x00007ffa6e7a0000 - 0x00007ffa6e7c6000 	C:\WINDOWS\System32\bcrypt.dll
0x00007ffa605b0000 - 0x00007ffa605c6000 	C:\WINDOWS\SYSTEM32\dhcpcsvc6.DLL
0x00007ffa60920000 - 0x00007ffa6093c000 	C:\WINDOWS\SYSTEM32\dhcpcsvc.DLL
0x00007ffa6d320000 - 0x00007ffa6d353000 	C:\WINDOWS\system32\rsaenh.dll
0x00007ffa6de90000 - 0x00007ffa6deb5000 	C:\WINDOWS\SYSTEM32\USERENV.dll
0x00007ffa6d9e0000 - 0x00007ffa6d9ec000 	C:\WINDOWS\SYSTEM32\CRYPTBASE.dll
0x00007ffa4f600000 - 0x00007ffa4f612000 	C:\Program Files\Java\jdk1.8.0_231\jre\bin\nio.dll

VM Arguments:
jvm_args: -javaagent:C:\Users\rabbit\IntelliJ IDEA 2019.3\lib\idea_rt.jar=53397:C:\Users\rabbit\IntelliJ IDEA 2019.3\bin -Dfile.encoding=UTF-8 
java_command: main.Main
java_class_path (initial): C:\Program Files\Java\jdk1.8.0_231\jre\lib\charsets.jar;C:\Program Files\Java\jdk1.8.0_231\jre\lib\deploy.jar;C:\Program Files\Java\jdk1.8.0_231\jre\lib\ext\access-bridge-64.jar;C:\Program Files\Java\jdk1.8.0_231\jre\lib\ext\cldrdata.jar;C:\Program Files\Java\jdk1.8.0_231\jre\lib\ext\dnsns.jar;C:\Program Files\Java\jdk1.8.0_231\jre\lib\ext\jaccess.jar;C:\Program Files\Java\jdk1.8.0_231\jre\lib\ext\jfxrt.jar;C:\Program Files\Java\jdk1.8.0_231\jre\lib\ext\localedata.jar;C:\Program Files\Java\jdk1.8.0_231\jre\lib\ext\nashorn.jar;C:\Program Files\Java\jdk1.8.0_231\jre\lib\ext\sunec.jar;C:\Program Files\Java\jdk1.8.0_231\jre\lib\ext\sunjce_provider.jar;C:\Program Files\Java\jdk1.8.0_231\jre\lib\ext\sunmscapi.jar;C:\Program Files\Java\jdk1.8.0_231\jre\lib\ext\sunpkcs11.jar;C:\Program Files\Java\jdk1.8.0_231\jre\lib\ext\zipfs.jar;C:\Program Files\Java\jdk1.8.0_231\jre\lib\javaws.jar;C:\Program Files\Java\jdk1.8.0_231\jre\lib\jce.jar;C:\Program Files\Java\jdk1.8.0_231\jre\lib\jfr.jar;C:\Program Files\Java\jdk1.8.0_231\jre\lib\jfxswt.jar;C:\Program Files\Java\jdk1.8.0_231\jre\lib\jsse.jar;C:\Program Files\Java\jdk1.8.0_231\jre\lib\management-agent.jar;C:\Program Files\Java\jdk1.8.0_231\jre\lib\plugin.jar;C:\Program Files\Java\jdk1.8.0_231\jre\lib\resources.jar;C:\Program Files\Java\jdk1.8.0_231\jre\lib\rt.jar;C:\Users\rabbit\IdeaProjects\udpDatagramChannelServer\out\production\udpDatagramChannelServer;C:\Users\rabbit\.m2\repository\com\google\code\gson\gson\2.8.6\gson-2.8.6.jar;C:\Users\rabbit\Desktop\apache-log4j-2.12.1-bin\log4j-core-2.12.1.jar;C:\Users\rabbit\Desktop\apache-log4j-2.12.1-bin\log4j-api-2.12.1.jar;C:\Users\rabbit\Downloads\postgresql-42.2.13.jar;C:\Users\rabbit\IntelliJ IDEA 2019.3\lib\idea_rt.jar
Launcher Type: SUN_STANDARD

Environment Variables:
PATH=C:\Program Files (x86)\Common Files\Oracle\Java\javapath;C:\Program Files (x86)\Intel\iCLS Client\;C:\Program Files\Intel\iCLS Client\;C:\WINDOWS\system32;C:\WINDOWS;C:\WINDOWS\System32\Wbem;C:\WINDOWS\System32\WindowsPowerShell\v1.0\;C:\WINDOWS\System32\OpenSSH\;C:\Program Files (x86)\Intel\Intel(R) Management Engine Components\DAL;C:\Program Files\Intel\Intel(R) Management Engine Components\DAL;C:\Program Files (x86)\Intel\Intel(R) Management Engine Components\IPT;C:\Program Files\Intel\Intel(R) Management Engine Components\IPT;C:\Program Files\Java\jdk-12.0.2\bin;C:\Program Files\PuTTY\;C:\Program Files\GitN\cmd;C:\Program Files\GitN\mingw64\bin;C:\Program Files\GitN\usr\bin;C:\Program Files\Microsoft SQL Server\Client SDK\ODBC\170\Tools\Binn\;C:\Program Files (x86)\Microsoft SQL Server\150\Tools\Binn\;C:\Program Files\Microsoft SQL Server\150\Tools\Binn\;C:\Program Files\Microsoft SQL Server\150\DTS\Binn\;C:\Users\rabbit\Anaconda3;C:\Users\rabbit\Anaconda3\Library\mingw-w64\bin;C:\Users\rabbit\Anaconda3\Library\usr\bin;C:\Users\rabbit\Anaconda3\Library\bin;C:\Users\rabbit\Anaconda3\Scripts;C:\Users\rabbit\Anaconda2;C:\Users\rabbit\Anaconda2\Library\mingw-w64\bin;C:\Users\rabbit\Anaconda2\Library\usr\bin;C:\Users\rabbit\Anaconda2\Library\bin;C:\Users\rabbit\Anaconda2\Scripts;C:\Users\rabbit\AppData\Local\Programs\Python\Python36\Scripts\;C:\Users\rabbit\AppData\Local\Programs\Python\Python36\;C:\Users\rabbit\AppData\Local\Microsoft\WindowsApps;C:\Users\rabbit\AppData\Local\Programs\Microsoft VS Code\bin;C:\Program Files\JetBrains\PyCharm Community Edition 2019.1.1\bin;;C:\Program Files\JetBrains\IntelliJ IDEA Community Edition 2019.2\bin;;D:\soft\CLion 2019.3\bin;C:\Users\rabbit\.CLion2019.3\config;;C:\Users\rabbit\IntelliJ IDEA 2019.3\bin;;C:\Users\rabbit\AppData\Local\Programs\MiKTeX 2.9\miktex\bin\x64\;;C:\Program Files\JetBrains\JetBrains Rider 2019.3.4\bin;;C:\Program Files\JetBrains\PyCharm 2020.1\bin;
USERNAME=rabbit
OS=Windows_NT
PROCESSOR_IDENTIFIER=Intel64 Family 6 Model 142 Stepping 9, GenuineIntel



---------------  S Y S T E M  ---------------

OS: Windows 10.0 , 64 bit Build 18362 (10.0.18362.900)

CPU:total 4 (initial active 4) (2 cores per cpu, 2 threads per core) family 6 model 142 stepping 9, cmov, cx8, fxsr, mmx, sse, sse2, sse3, ssse3, sse4.1, sse4.2, popcnt, avx, avx2, aes, clmul, erms, 3dnowpref, lzcnt, ht, tsc, tscinvbit, bmi1, bmi2, adx

Memory: 4k page, physical 4052048k(174968k free), swap 16634960k(2576k free)

vm_info: Java HotSpot(TM) 64-Bit Server VM (25.231-b11) for windows-amd64 JRE (1.8.0_231-b11), built on Oct  5 2019 03:11:30 by "java_re" with MS VC++ 10.0 (VS2010)

time: Wed Jul 01 00:30:05 2020
timezone: RTZ 2 (зима)
elapsed time: 10 seconds (0d 0h 0m 10s)

